<?xml version="1.0" encoding="UTF-8"?>
<testsuite name="TestVagrant"
           tests="2"
           failures="0"
           errors="0"
           skipped="0"
           time="0.316">
    <properties></properties>



            <testcase
                name="validateWicketPlayers"
                time="0.009"
                classname="scripts.RCBPlayersValidation">
            </testcase>
            <testcase
                name="validateForeignPlayers"
                time="0.307"
                classname="scripts.RCBPlayersValidation">
            </testcase>
</testsuite>
